app/build/outputs/logs/manifest-merger-debug-report.txt
-- Merging decision tree log ---
manifest
ADDED from src\main\AndroidManifest.xml:1:1-66:12
INJECTED from src\main\AndroidManifest.xml:1:1-66:12
INJECTED from src\main\AndroidManifest.xml:1:1-66:12
INJECTED from src\main\AndroidManifest.xml:1:1-66:12
MERGED from [com.android.support:design:25.1.1] AndroidManifest.xml:17:1-27:12
MERGED from [com.speedata:deivice:1.4.3] AndroidManifest.xml:2:1-17:12
MERGED from [com.android.support:appcompat-v7:25.1.1] AndroidManifest.xml:17:1-27:12
MERGED from [com.android.support:cardview-v7:25.1.1] AndroidManifest.xml:17:1-24:12
MERGED from [com.android.support:support-v13:25.1.1] AndroidManifest.xml:17:1-27:12
MERGED from [me.dm7.barcodescanner:zxing:1.9.8] AndroidManifest.xml:2:1-13:12
MERGED from [com.android.support:recyclerview-v7:25.1.1] AndroidManifest.xml:17:1-22:12
MERGED from [com.android.support:transition:25.1.1] AndroidManifest.xml:17:1-24:12
MERGED from [com.android.support:animated-vector-drawable:25.1.1] AndroidManifest.xml:17:1-24:12
MERGED from [com.android.support:support-vector-drawable:25.1.1] AndroidManifest.xml:17:1-25:12
MERGED from [me.dm7.barcodescanner:core:1.9.8] AndroidManifest.xml:2:1-13:12
MERGED from [com.android.support:support-v4:25.3.1] AndroidManifest.xml:17:1-31:12
MERGED from [com.android.support:support-fragment:25.3.1] AndroidManifest.xml:17:1-31:12
MERGED from [com.android.support:support-media-compat:25.3.1] AndroidManifest.xml:17:1-31:12
MERGED from [com.android.support:support-core-utils:25.3.1] AndroidManifest.xml:17:1-31:12
MERGED from [com.android.support:support-core-ui:25.3.1] AndroidManifest.xml:17:1-31:12
MERGED from [com.android.support:support-compat:25.3.1] AndroidManifest.xml:17:1-31:12
INJECTED from src\main\AndroidManifest.xml:1:1-66:12
INJECTED from src\main\AndroidManifest.xml:1:1-66:12
INJECTED from src\main\AndroidManifest.xml:1:1-66:12
	package
		ADDED from src\main\AndroidManifest.xml:2:1-34
		INJECTED from src\main\AndroidManifest.xml
		INJECTED from src\main\AndroidManifest.xml
	android:versionName
		INJECTED from src\main\AndroidManifest.xml
		ADDED from src\main\AndroidManifest.xml:1:1-66:12
		INJECTED from src\main\AndroidManifest.xml
	android:versionCode
		INJECTED from src\main\AndroidManifest.xml
		ADDED from src\main\AndroidManifest.xml:1:1-66:12
		INJECTED from src\main\AndroidManifest.xml
	xmlns:android
		ADDED from src\main\AndroidManifest.xml:1:11-69
uses-permission#android.permission.ACCESS_NETWORK_STATE
ADDED from src\main\AndroidManifest.xml:4:5-78
	android:name
		ADDED from src\main\AndroidManifest.xml:4:22-76
uses-permission#android.permission.WAKE_LOCK
ADDED from src\main\AndroidManifest.xml:5:5-67
	android:name
		ADDED from src\main\AndroidManifest.xml:5:22-65
uses-permission#android.permission.WRITE_INTERNAL_STORAGE
ADDED from src\main\AndroidManifest.xml:6:5-80
	android:name
		ADDED from src\main\AndroidManifest.xml:6:22-78
uses-permission#android.permission.BLUETOOTH
ADDED from src\main\AndroidManifest.xml:7:5-68
	android:name
		ADDED from src\main\AndroidManifest.xml:7:22-65
uses-permission#android.permission.BLUETOOTH_ADMIN
ADDED from src\main\AndroidManifest.xml:8:5-74
	android:name
		ADDED from src\main\AndroidManifest.xml:8:22-71
uses-permission#android.permission.INTERNET
ADDED from src\main\AndroidManifest.xml:9:5-67
	android:name
		ADDED from src\main\AndroidManifest.xml:9:22-64
uses-permission#android.permission.READ_EXTERNAL_STORAGE
ADDED from src\main\AndroidManifest.xml:10:5-79
	android:name
		ADDED from src\main\AndroidManifest.xml:10:22-77
uses-permission#android.permission.WRITE_EXTERNAL_STORAGE
ADDED from src\main\AndroidManifest.xml:11:5-80
	android:name
		ADDED from src\main\AndroidManifest.xml:11:22-78
uses-permission#android.permission.CAMERA
ADDED from src\main\AndroidManifest.xml:12:5-64
	android:name
		ADDED from src\main\AndroidManifest.xml:12:22-62
uses-feature#android.hardware.camera
ADDED from src\main\AndroidManifest.xml:13:5-59
	android:name
		ADDED from src\main\AndroidManifest.xml:13:19-57
uses-feature#android.hardware.camera.autofocus
ADDED from src\main\AndroidManifest.xml:14:5-69
	android:name
		ADDED from src\main\AndroidManifest.xml:14:19-67
application
ADDED from src\main\AndroidManifest.xml:16:1-64:15
MERGED from [com.android.support:design:25.1.1] AndroidManifest.xml:25:5-20
MERGED from [com.android.support:design:25.1.1] AndroidManifest.xml:25:5-20
MERGED from [com.speedata:deivice:1.4.3] AndroidManifest.xml:11:5-15:19
MERGED from [com.speedata:deivice:1.4.3] AndroidManifest.xml:11:5-15:19
MERGED from [com.android.support:appcompat-v7:25.1.1] AndroidManifest.xml:25:5-20
MERGED from [com.android.support:appcompat-v7:25.1.1] AndroidManifest.xml:25:5-20
MERGED from [com.android.support:cardview-v7:25.1.1] AndroidManifest.xml:22:5-20
MERGED from [com.android.support:cardview-v7:25.1.1] AndroidManifest.xml:22:5-20
MERGED from [com.android.support:support-v13:25.1.1] AndroidManifest.xml:25:5-20
MERGED from [com.android.support:support-v13:25.1.1] AndroidManifest.xml:25:5-20
MERGED from [me.dm7.barcodescanner:zxing:1.9.8] AndroidManifest.xml:11:5-20
MERGED from [me.dm7.barcodescanner:zxing:1.9.8] AndroidManifest.xml:11:5-20
MERGED from [com.android.support:transition:25.1.1] AndroidManifest.xml:22:5-20
MERGED from [com.android.support:transition:25.1.1] AndroidManifest.xml:22:5-20
MERGED from [com.android.support:animated-vector-drawable:25.1.1] AndroidManifest.xml:22:5-20
MERGED from [com.android.support:animated-vector-drawable:25.1.1] AndroidManifest.xml:22:5-20
MERGED from [com.android.support:support-vector-drawable:25.1.1] AndroidManifest.xml:23:5-20
MERGED from [com.android.support:support-vector-drawable:25.1.1] AndroidManifest.xml:23:5-20
MERGED from [me.dm7.barcodescanner:core:1.9.8] AndroidManifest.xml:11:5-20
MERGED from [me.dm7.barcodescanner:core:1.9.8] AndroidManifest.xml:11:5-20
MERGED from [com.android.support:support-v4:25.3.1] AndroidManifest.xml:29:5-20
MERGED from [com.android.support:support-v4:25.3.1] AndroidManifest.xml:29:5-20
MERGED from [com.android.support:support-fragment:25.3.1] AndroidManifest.xml:29:5-20
MERGED from [com.android.support:support-fragment:25.3.1] AndroidManifest.xml:29:5-20
MERGED from [com.android.support:support-media-compat:25.3.1] AndroidManifest.xml:29:5-20
MERGED from [com.android.support:support-media-compat:25.3.1] AndroidManifest.xml:29:5-20
MERGED from [com.android.support:support-core-utils:25.3.1] AndroidManifest.xml:29:5-20
MERGED from [com.android.support:support-core-utils:25.3.1] AndroidManifest.xml:29:5-20
MERGED from [com.android.support:support-core-ui:25.3.1] AndroidManifest.xml:29:5-20
MERGED from [com.android.support:support-core-ui:25.3.1] AndroidManifest.xml:29:5-20
MERGED from [com.android.support:support-compat:25.3.1] AndroidManifest.xml:29:5-20
MERGED from [com.android.support:support-compat:25.3.1] AndroidManifest.xml:29:5-20
	android:supportsRtl
		ADDED from [com.speedata:deivice:1.4.3] AndroidManifest.xml:14:9-35
	android:label
		ADDED from src\main\AndroidManifest.xml:20:5-37
	android:icon
		ADDED from src\main\AndroidManifest.xml:19:5-31
	android:allowBackup
		ADDED from src\main\AndroidManifest.xml:18:5-31
	android:theme
		ADDED from src\main\AndroidManifest.xml:21:5-38
	android:name
		ADDED from src\main\AndroidManifest.xml:17:5-62
activity#com.keredwell.scanandgo.ui.scanner.BranchScanActivity
ADDED from src\main\AndroidManifest.xml:23:5-29:16
	android:name
		ADDED from src\main\AndroidManifest.xml:23:15-83
intent-filter#action:name:android.intent.action.MAIN+category:name:android.intent.category.DEFAULT+category:name:android.intent.category.LAUNCHER
ADDED from src\main\AndroidManifest.xml:24:9-28:25
action#android.intent.action.MAIN
ADDED from src\main\AndroidManifest.xml:25:13-65
	android:name
		ADDED from src\main\AndroidManifest.xml:25:21-62
category#android.intent.category.DEFAULT
ADDED from src\main\AndroidManifest.xml:26:13-72
	android:name
		ADDED from src\main\AndroidManifest.xml:26:23-69
category#android.intent.category.LAUNCHER
ADDED from src\main\AndroidManifest.xml:27:13-73
	android:name
		ADDED from src\main\AndroidManifest.xml:27:23-70
activity#com.keredwell.scanandgo.ui.scanner.ItemScanActivity
ADDED from src\main\AndroidManifest.xml:31:5-83
	android:name
		ADDED from src\main\AndroidManifest.xml:31:15-81
activity#com.keredwell.scanandgo.ui.scanner.CheckoutActivity
ADDED from src\main\AndroidManifest.xml:32:5-83
	android:name
		ADDED from src\main\AndroidManifest.xml:32:15-81
activity#com.keredwell.scanandgo.ui.scanner.CreditCardActivity
ADDED from src\main\AndroidManifest.xml:33:5-85
	android:name
		ADDED from src\main\AndroidManifest.xml:33:15-83
activity#com.keredwell.scanandgo.ui.scanner.AcknowledgementActivity
ADDED from src\main\AndroidManifest.xml:34:5-90
	android:name
		ADDED from src\main\AndroidManifest.xml:34:15-88
activity#com.keredwell.scanandgo.ui.SettingsActivity
ADDED from src\main\AndroidManifest.xml:36:5-75
	android:name
		ADDED from src\main\AndroidManifest.xml:36:15-73
activity#com.keredwell.scanandgo.ui.SynchronizationActivity
ADDED from src\main\AndroidManifest.xml:38:5-82
	android:name
		ADDED from src\main\AndroidManifest.xml:38:15-80
activity#com.keredwell.scanandgo.ui.order.OrderListActivity
ADDED from src\main\AndroidManifest.xml:40:5-82
	android:name
		ADDED from src\main\AndroidManifest.xml:40:15-80
activity#com.keredwell.scanandgo.ui.orderlisting.OrderDetailActivity
ADDED from src\main\AndroidManifest.xml:42:5-91
	android:name
		ADDED from src\main\AndroidManifest.xml:42:15-89
activity#com.keredwell.scanandgo.ui.orderlisting.OrderListActivity
ADDED from src\main\AndroidManifest.xml:44:5-89
	android:name
		ADDED from src\main\AndroidManifest.xml:44:15-87
activity#com.keredwell.scanandgo.ui.order.CustomerListActivity
ADDED from src\main\AndroidManifest.xml:46:5-85
	android:name
		ADDED from src\main\AndroidManifest.xml:46:15-83
activity#com.keredwell.scanandgo.ui.order.ProductListActivity
ADDED from src\main\AndroidManifest.xml:48:5-84
	android:name
		ADDED from src\main\AndroidManifest.xml:48:15-82
activity#com.keredwell.scanandgo.ui.customer.CustomerListActivity
ADDED from src\main\AndroidManifest.xml:50:5-88
	android:name
		ADDED from src\main\AndroidManifest.xml:50:15-86
activity#com.keredwell.scanandgo.ui.customer.CustomerDetailActivity
ADDED from src\main\AndroidManifest.xml:52:5-54:96
	android:parentActivityName
		ADDED from src\main\AndroidManifest.xml:54:9-94
	android:label
		ADDED from src\main\AndroidManifest.xml:53:9-25
	android:name
		ADDED from src\main\AndroidManifest.xml:52:15-88
activity#com.keredwell.scanandgo.ui.product.ProductListActivity
ADDED from src\main\AndroidManifest.xml:56:5-86
	android:name
		ADDED from src\main\AndroidManifest.xml:56:15-84
activity#com.keredwell.scanandgo.ui.product.ProductDetailActivity
ADDED from src\main\AndroidManifest.xml:58:5-60:94
	android:parentActivityName
		ADDED from src\main\AndroidManifest.xml:60:9-92
	android:label
		ADDED from src\main\AndroidManifest.xml:59:9-25
	android:name
		ADDED from src\main\AndroidManifest.xml:58:15-86
activity#com.keredwell.scanandgo.ui.order.OrderCheckoutActivity
ADDED from src\main\AndroidManifest.xml:62:5-86
	android:name
		ADDED from src\main\AndroidManifest.xml:62:15-84
uses-sdk
INJECTED from src\main\AndroidManifest.xml reason: use-sdk injection requested
INJECTED from src\main\AndroidManifest.xml
INJECTED from src\main\AndroidManifest.xml
MERGED from [com.android.support:design:25.1.1] AndroidManifest.xml:21:5-23:62
MERGED from [com.android.support:design:25.1.1] AndroidManifest.xml:21:5-23:62
MERGED from [com.speedata:deivice:1.4.3] AndroidManifest.xml:7:5-9:41
MERGED from [com.speedata:deivice:1.4.3] AndroidManifest.xml:7:5-9:41
MERGED from [com.android.support:appcompat-v7:25.1.1] AndroidManifest.xml:21:5-23:78
MERGED from [com.android.support:appcompat-v7:25.1.1] AndroidManifest.xml:21:5-23:78
MERGED from [com.android.support:cardview-v7:25.1.1] AndroidManifest.xml:20:5-43
MERGED from [com.android.support:cardview-v7:25.1.1] AndroidManifest.xml:20:5-43
MERGED from [com.android.support:support-v13:25.1.1] AndroidManifest.xml:21:5-23:55
MERGED from [com.android.support:support-v13:25.1.1] AndroidManifest.xml:21:5-23:55
MERGED from [me.dm7.barcodescanner:zxing:1.9.8] AndroidManifest.xml:7:5-9:41
MERGED from [me.dm7.barcodescanner:zxing:1.9.8] AndroidManifest.xml:7:5-9:41
MERGED from [com.android.support:recyclerview-v7:25.1.1] AndroidManifest.xml:20:5-43
MERGED from [com.android.support:recyclerview-v7:25.1.1] AndroidManifest.xml:20:5-43
MERGED from [com.android.support:transition:25.1.1] AndroidManifest.xml:20:5-44
MERGED from [com.android.support:transition:25.1.1] AndroidManifest.xml:20:5-44
MERGED from [com.android.support:animated-vector-drawable:25.1.1] AndroidManifest.xml:20:5-44
MERGED from [com.android.support:animated-vector-drawable:25.1.1] AndroidManifest.xml:20:5-44
MERGED from [com.android.support:support-vector-drawable:25.1.1] AndroidManifest.xml:21:5-43
MERGED from [com.android.support:support-vector-drawable:25.1.1] AndroidManifest.xml:21:5-43
MERGED from [me.dm7.barcodescanner:core:1.9.8] AndroidManifest.xml:7:5-9:41
MERGED from [me.dm7.barcodescanner:core:1.9.8] AndroidManifest.xml:7:5-9:41
MERGED from [com.android.support:support-v4:25.3.1] AndroidManifest.xml:21:5-23:54
MERGED from [com.android.support:support-v4:25.3.1] AndroidManifest.xml:21:5-23:54
MERGED from [com.android.support:support-fragment:25.3.1] AndroidManifest.xml:21:5-23:60
MERGED from [com.android.support:support-fragment:25.3.1] AndroidManifest.xml:21:5-23:60
MERGED from [com.android.support:support-media-compat:25.3.1] AndroidManifest.xml:21:5-23:63
MERGED from [com.android.support:support-media-compat:25.3.1] AndroidManifest.xml:21:5-23:63
MERGED from [com.android.support:support-core-utils:25.3.1] AndroidManifest.xml:21:5-23:61
MERGED from [com.android.support:support-core-utils:25.3.1] AndroidManifest.xml:21:5-23:61
MERGED from [com.android.support:support-core-ui:25.3.1] AndroidManifest.xml:21:5-23:58
MERGED from [com.android.support:support-core-ui:25.3.1] AndroidManifest.xml:21:5-23:58
MERGED from [com.android.support:support-compat:25.3.1] AndroidManifest.xml:21:5-23:58
MERGED from [com.android.support:support-compat:25.3.1] AndroidManifest.xml:21:5-23:58
INJECTED from src\main\AndroidManifest.xml
INJECTED from src\main\AndroidManifest.xml
	tools:overrideLibrary
		ADDED from [com.android.support:design:25.1.1] AndroidManifest.xml:23:9-59
	android:targetSdkVersion
		INJECTED from src\main\AndroidManifest.xml
		ADDED from src\main\AndroidManifest.xml
		INJECTED from src\main\AndroidManifest.xml
	android:minSdkVersion
		INJECTED from src\main\AndroidManifest.xml
		ADDED from src\main\AndroidManifest.xml
		INJECTED from src\main\AndroidManifest.xml
meta-data#android.support.VERSION
ADDED from [com.android.support:support-v4:25.3.1] AndroidManifest.xml:25:5-27:34
MERGED from [com.android.support:support-fragment:25.3.1] AndroidManifest.xml:25:5-27:34
MERGED from [com.android.support:support-fragment:25.3.1] AndroidManifest.xml:25:5-27:34
MERGED from [com.android.support:support-media-compat:25.3.1] AndroidManifest.xml:25:5-27:34
MERGED from [com.android.support:support-media-compat:25.3.1] AndroidManifest.xml:25:5-27:34
MERGED from [com.android.support:support-core-utils:25.3.1] AndroidManifest.xml:25:5-27:34
MERGED from [com.android.support:support-core-utils:25.3.1] AndroidManifest.xml:25:5-27:34
MERGED from [com.android.support:support-core-ui:25.3.1] AndroidManifest.xml:25:5-27:34
MERGED from [com.android.support:support-core-ui:25.3.1] AndroidManifest.xml:25:5-27:34
MERGED from [com.android.support:support-compat:25.3.1] AndroidManifest.xml:25:5-27:34
MERGED from [com.android.support:support-compat:25.3.1] AndroidManifest.xml:25:5-27:34
	android:value
		ADDED from [com.android.support:support-v4:25.3.1] AndroidManifest.xml:27:9-31
	android:name
		ADDED from [com.android.support:support-v4:25.3.1] AndroidManifest.xml:26:9-47